<?xml version="1.0" encoding="UTF-8"?>
<!-- Generated by org.testng.reporters.JUnitReportReporter -->
<testsuite hostname="DESKTOP-9AFDMTT" failures="0" tests="1" name="StepDefinitions.TestRunner" time="9.094" errors="1" timestamp="2025-02-20T22:48:00 IST" skipped="0">
  <testcase classname="StepDefinitions.TestRunner" name="runScenario" time="9.094">
    <error message="class jdk.proxy2.$Proxy25 cannot be cast to class org.openqa.selenium.By (jdk.proxy2.$Proxy25 is in module jdk.proxy2 of loader &#039;app&#039;; org.openqa.selenium.By is in unnamed module of loader &#039;app&#039;)" type="java.lang.ClassCastException">
      <![CDATA[java.lang.ClassCastException: class jdk.proxy2.$Proxy25 cannot be cast to class org.openqa.selenium.By (jdk.proxy2.$Proxy25 is in module jdk.proxy2 of loader 'app'; org.openqa.selenium.By is in unnamed module of loader 'app')
at Pages.SinginPage.clickOnSignIn(SinginPage.java:52)
at StepDefinitions.LoginStepdef.user_enter_and(LoginStepdef.java:38)
at âœ½.User Enter 'aravindrayana22@gmail.com' and 'Paaroli@1210'(file:///C:/Users/welcome/eclipse-workspace/ebay/AmazonAutomation/src/test/resources/Features/LoginApplication.feature:6)
]]>
    </error>
  </testcase> <!-- runScenario -->
</testsuite> <!-- StepDefinitions.TestRunner -->
